TN:
SF:lib/job-queue.js
FN:12,jsonSize
FN:16,assertText
FN:22,JobQueue
FN:54,enqueue
FN:80,claim
FN:121,complete
FN:126,fail
FN:135,cancel
FN:139,get
FN:145,list
FN:158,anonymous_10
FN:161,anonymous_11
FN:168,anonymous_12
FN:173,startWorker
FN:178,run
FN:200,anonymous_15
FN:207,#finish
FN:232,#row
FN:263,getJobQueue
FNDA:24,jsonSize
FNDA:158,assertText
FNDA:18,JobQueue
FNDA:20,enqueue
FNDA:19,claim
FNDA:7,complete
FNDA:8,fail
FNDA:1,cancel
FNDA:66,get
FNDA:7,list
FNDA:2,anonymous_10
FNDA:1,anonymous_11
FNDA:5,anonymous_12
FNDA:4,startWorker
FNDA:8,run
FNDA:3,anonymous_15
FNDA:14,#finish
FNDA:71,#row
FNDA:2,getJobQueue
FNF:19
FNH:19
BRDA:1,0,0,1
BRDA:12,1,0,24
BRDA:13,2,0,1
BRDA:16,3,0,158
BRDA:17,4,0,157
BRDA:17,5,0,156
BRDA:17,6,0,2
BRDA:17,7,0,156
BRDA:22,8,0,18
BRDA:23,9,0,1
BRDA:25,10,0,1
BRDA:25,11,0,17
BRDA:26,12,0,14
BRDA:54,13,0,20
BRDA:56,14,0,1
BRDA:56,15,0,19
BRDA:58,16,0,2
BRDA:58,17,0,19
BRDA:59,18,0,19
BRDA:60,19,0,1
BRDA:60,20,0,18
BRDA:61,21,0,1
BRDA:61,22,0,17
BRDA:64,23,0,2
BRDA:67,24,0,15
BRDA:68,25,0,1
BRDA:68,26,0,16
BRDA:80,27,0,19
BRDA:82,28,0,18
BRDA:82,29,0,17
BRDA:82,30,0,1
BRDA:82,31,0,17
BRDA:94,32,0,2
BRDA:97,33,0,15
BRDA:99,34,0,1
BRDA:105,35,0,14
BRDA:113,36,0,2
BRDA:116,37,0,1
BRDA:121,38,0,7
BRDA:126,39,0,8
BRDA:129,40,0,1
BRDA:129,41,0,7
BRDA:130,42,0,5
BRDA:131,43,0,3
BRDA:131,44,0,4
BRDA:132,45,0,7
BRDA:132,46,0,3
BRDA:132,47,0,0
BRDA:135,48,0,1
BRDA:139,49,0,66
BRDA:142,50,0,65
BRDA:142,51,0,1
BRDA:145,52,0,7
BRDA:146,53,0,6
BRDA:146,54,0,1
BRDA:146,55,0,6
BRDA:149,56,0,1
BRDA:153,57,0,6
BRDA:154,58,0,4
BRDA:156,59,0,3
BRDA:157,60,0,2
BRDA:160,61,0,3
BRDA:160,62,0,1
BRDA:163,63,0,3
BRDA:164,64,0,2
BRDA:164,65,0,1
BRDA:158,66,0,2
BRDA:161,67,0,1
BRDA:168,68,0,5
BRDA:173,69,0,4
BRDA:175,70,0,3
BRDA:175,71,0,1
BRDA:175,72,0,3
BRDA:178,73,0,8
BRDA:179,74,0,1
BRDA:179,75,0,7
BRDA:181,76,0,1
BRDA:185,77,0,6
BRDA:187,78,0,1
BRDA:189,79,0,5
BRDA:191,80,0,2
BRDA:192,81,0,3
BRDA:195,82,0,6
BRDA:200,83,0,3
BRDA:202,84,0,2
BRDA:203,85,0,2
BRDA:207,86,0,14
BRDA:208,87,0,0
BRDA:209,88,0,6
BRDA:210,89,0,1
BRDA:210,90,0,13
BRDA:212,91,0,12
BRDA:212,92,0,13
BRDA:216,93,0,12
BRDA:216,94,0,1
BRDA:220,95,0,8
BRDA:220,96,0,5
BRDA:226,97,0,12
BRDA:226,98,0,1
BRDA:228,99,0,2
BRDA:228,100,0,11
BRDA:232,101,0,71
BRDA:237,102,0,1
BRDA:239,103,0,64
BRDA:239,104,0,7
BRDA:240,105,0,1
BRDA:254,106,0,50
BRDA:254,107,0,21
BRDA:263,108,0,2
BRDA:265,109,0,1
BRF:110
BRH:108
DA:1,1
DA:2,1
DA:3,1
DA:4,1
DA:5,1
DA:6,1
DA:7,1
DA:8,1
DA:9,1
DA:10,1
DA:11,1
DA:12,24
DA:13,24
DA:14,24
DA:15,1
DA:16,158
DA:17,158
DA:18,156
DA:19,158
DA:20,1
DA:21,1
DA:22,1
DA:23,18
DA:24,18
DA:25,18
DA:26,18
DA:27,18
DA:28,18
DA:29,18
DA:30,18
DA:31,18
DA:32,18
DA:33,18
DA:34,18
DA:35,18
DA:36,18
DA:37,18
DA:38,18
DA:39,18
DA:40,18
DA:41,18
DA:42,18
DA:43,18
DA:44,18
DA:45,18
DA:46,18
DA:47,18
DA:48,18
DA:49,18
DA:50,18
DA:51,18
DA:52,18
DA:53,1
DA:54,1
DA:55,20
DA:56,20
DA:57,19
DA:58,20
DA:59,20
DA:60,20
DA:61,20
DA:62,17
DA:63,17
DA:64,20
DA:65,2
DA:66,2
DA:67,20
DA:68,20
DA:69,16
DA:70,16
DA:71,16
DA:72,16
DA:73,16
DA:74,16
DA:75,16
DA:76,16
DA:77,16
DA:78,20
DA:79,1
DA:80,1
DA:81,19
DA:82,19
DA:83,17
DA:84,17
DA:85,17
DA:86,17
DA:87,17
DA:88,17
DA:89,17
DA:90,17
DA:91,17
DA:92,17
DA:93,17
DA:94,19
DA:95,2
DA:96,2
DA:97,2
DA:98,15
DA:99,19
DA:100,1
DA:101,1
DA:102,1
DA:103,1
DA:104,1
DA:105,1
DA:106,14
DA:107,14
DA:108,14
DA:109,14
DA:110,14
DA:111,14
DA:112,14
DA:113,19
DA:114,2
DA:115,2
DA:116,2
DA:117,2
DA:118,2
DA:119,19
DA:120,1
DA:121,1
DA:122,7
DA:123,7
DA:124,7
DA:125,1
DA:126,1
DA:127,8
DA:128,8
DA:129,8
DA:130,8
DA:131,8
DA:132,8
DA:133,8
DA:134,1
DA:135,1
DA:136,1
DA:137,1
DA:138,1
DA:139,1
DA:140,66
DA:141,66
DA:142,66
DA:143,66
DA:144,1
DA:145,1
DA:146,7
DA:147,6
DA:148,6
DA:149,7
DA:150,1
DA:151,1
DA:152,1
DA:153,1
DA:154,7
DA:155,4
DA:156,4
DA:157,4
DA:158,2
DA:159,4
DA:160,4
DA:161,1
DA:162,1
DA:163,1
DA:164,7
DA:165,7
DA:166,7
DA:167,7
DA:168,7
DA:169,7
DA:170,1
DA:171,1
DA:172,1
DA:173,1
DA:174,4
DA:175,4
DA:176,3
DA:177,3
DA:178,3
DA:179,8
DA:180,7
DA:181,8
DA:182,1
DA:183,1
DA:184,1
DA:185,1
DA:186,6
DA:187,8
DA:188,1
DA:189,8
DA:190,5
DA:191,5
DA:192,5
DA:193,3
DA:194,3
DA:195,5
DA:196,6
DA:197,8
DA:198,3
DA:199,3
DA:200,3
DA:201,3
DA:202,3
DA:203,3
DA:204,3
DA:205,4
DA:206,1
DA:207,1
DA:208,14
DA:209,14
DA:210,14
DA:211,13
DA:212,14
DA:213,13
DA:214,13
DA:215,13
DA:216,14
DA:217,14
DA:218,14
DA:219,14
DA:220,14
DA:221,14
DA:222,14
DA:223,14
DA:224,14
DA:225,14
DA:226,14
DA:227,14
DA:228,14
DA:229,11
DA:230,14
DA:231,1
DA:232,1
DA:233,71
DA:234,71
DA:235,71
DA:236,71
DA:237,71
DA:238,71
DA:239,71
DA:240,71
DA:241,1
DA:242,1
DA:243,71
DA:244,71
DA:245,71
DA:246,71
DA:247,71
DA:248,71
DA:249,71
DA:250,71
DA:251,71
DA:252,71
DA:253,71
DA:254,71
DA:255,71
DA:256,71
DA:257,71
DA:258,71
DA:259,71
DA:260,1
DA:261,1
DA:262,1
DA:263,1
DA:264,2
DA:265,2
DA:266,1
DA:267,1
DA:268,2
DA:269,2
LH:269
LF:269
end_of_record
SF:tests/job-queue.test.js
FN:9,anonymous_0
FN:11,anonymous_1
FN:12,anonymous_2
FN:30,anonymous_3
FN:32,anonymous_4
FN:39,anonymous_5
FN:42,anonymous_6
FN:47,anonymous_7
FN:50,anonymous_8
FN:58,backup
FN:65,anonymous_10
FN:72,anonymous_11
FN:85,anonymous_12
FN:89,queue.database.prepare
FN:95,anonymous_14
FN:99,anonymous_15
FN:114,anonymous_16
FN:117,anonymous_17
FN:132,anonymous_18
FN:133,anonymous_19
FN:134,anonymous_20
FN:135,anonymous_21
FN:138,anonymous_22
FN:147,error
FN:152,anonymous_24
FN:163,anonymous_25
FN:172,anonymous_26
FN:179,anonymous_27
FN:183,anonymous_28
FN:186,anonymous_29
FN:187,anonymous_30
FN:190,anonymous_31
FN:191,anonymous_32
FN:192,anonymous_33
FN:193,anonymous_34
FN:194,anonymous_35
FN:197,anonymous_36
FN:220,rollbackQueue.database.prepare
FN:225,rollbackQueue.database.exec
FN:229,anonymous_39
FN:232,anonymous_40
FN:237,anonymous_41
FN:241,test
FN:250,anonymous_43
FNDA:1,anonymous_0
FNDA:1,anonymous_1
FNDA:1,anonymous_2
FNDA:1,anonymous_3
FNDA:1,anonymous_4
FNDA:1,anonymous_5
FNDA:1,anonymous_6
FNDA:1,anonymous_7
FNDA:2,anonymous_8
FNDA:1,backup
FNDA:1,anonymous_10
FNDA:1,anonymous_11
FNDA:1,anonymous_12
FNDA:2,queue.database.prepare
FNDA:1,anonymous_14
FNDA:1,anonymous_15
FNDA:1,anonymous_16
FNDA:1,anonymous_17
FNDA:1,anonymous_18
FNDA:1,anonymous_19
FNDA:1,anonymous_20
FNDA:1,anonymous_21
FNDA:3,anonymous_22
FNDA:3,error
FNDA:2,anonymous_24
FNDA:1,anonymous_25
FNDA:1,anonymous_26
FNDA:1,anonymous_27
FNDA:1,anonymous_28
FNDA:1,anonymous_29
FNDA:1,anonymous_30
FNDA:1,anonymous_31
FNDA:1,anonymous_32
FNDA:1,anonymous_33
FNDA:1,anonymous_34
FNDA:1,anonymous_35
FNDA:1,anonymous_36
FNDA:2,rollbackQueue.database.prepare
FNDA:2,rollbackQueue.database.exec
FNDA:1,anonymous_39
FNDA:1,anonymous_40
FNDA:1,anonymous_41
FNDA:1,test
FNDA:0,anonymous_43
FNF:44
FNH:43
BRDA:1,0,0,1
BRDA:9,1,0,1
BRDA:11,2,0,1
BRDA:12,3,0,1
BRDA:30,4,0,1
BRDA:32,5,0,1
BRDA:39,6,0,1
BRDA:42,7,0,1
BRDA:47,8,0,1
BRDA:50,9,0,1
BRDA:64,10,0,2
BRDA:58,11,0,1
BRDA:65,12,0,1
BRDA:72,13,0,1
BRDA:85,14,0,1
BRDA:89,15,0,2
BRDA:90,16,0,1
BRDA:95,17,0,1
BRDA:99,18,0,1
BRDA:114,19,0,1
BRDA:117,20,0,1
BRDA:132,21,0,1
BRDA:133,22,0,1
BRDA:134,23,0,1
BRDA:135,24,0,1
BRDA:138,25,0,1
BRDA:151,26,0,3
BRDA:151,27,0,2
BRDA:147,28,0,3
BRDA:152,29,0,2
BRDA:163,30,0,1
BRDA:172,31,0,1
BRDA:179,32,0,1
BRDA:183,33,0,1
BRDA:186,34,0,1
BRDA:187,35,0,1
BRDA:190,36,0,1
BRDA:191,37,0,1
BRDA:192,38,0,1
BRDA:193,39,0,1
BRDA:194,40,0,1
BRDA:197,41,0,1
BRDA:220,42,0,2
BRDA:221,43,0,1
BRDA:225,44,0,2
BRDA:226,45,0,1
BRDA:229,46,0,1
BRDA:232,47,0,1
BRDA:249,48,0,0
BRDA:237,49,0,1
BRDA:241,50,0,1
BRF:51
BRH:50
DA:1,1
DA:2,1
DA:3,1
DA:4,1
DA:5,1
DA:6,1
DA:7,1
DA:8,1
DA:9,1
DA:10,1
DA:11,1
DA:12,1
DA:13,1
DA:14,1
DA:15,1
DA:16,1
DA:17,1
DA:18,1
DA:19,1
DA:20,1
DA:21,1
DA:22,1
DA:23,1
DA:24,1
DA:25,1
DA:26,1
DA:27,1
DA:28,1
DA:29,1
DA:30,1
DA:31,1
DA:32,1
DA:33,1
DA:34,1
DA:35,1
DA:36,1
DA:37,1
DA:38,1
DA:39,1
DA:40,1
DA:41,1
DA:42,1
DA:43,1
DA:44,1
DA:45,1
DA:46,1
DA:47,1
DA:48,1
DA:49,1
DA:50,1
DA:51,1
DA:52,1
DA:53,1
DA:54,1
DA:55,1
DA:56,1
DA:57,1
DA:58,1
DA:59,1
DA:60,1
DA:61,1
DA:62,1
DA:63,1
DA:64,1
DA:65,1
DA:66,1
DA:67,1
DA:68,1
DA:69,1
DA:70,1
DA:71,1
DA:72,1
DA:73,1
DA:74,1
DA:75,1
DA:76,1
DA:77,1
DA:78,1
DA:79,1
DA:80,1
DA:81,1
DA:82,1
DA:83,1
DA:84,1
DA:85,1
DA:86,1
DA:87,1
DA:88,1
DA:89,1
DA:90,2
DA:91,1
DA:92,1
DA:93,1
DA:94,1
DA:95,1
DA:96,1
DA:97,1
DA:98,1
DA:99,1
DA:100,1
DA:101,1
DA:102,1
DA:103,1
DA:104,1
DA:105,1
DA:106,1
DA:107,1
DA:108,1
DA:109,1
DA:110,1
DA:111,1
DA:112,1
DA:113,1
DA:114,1
DA:115,1
DA:116,1
DA:117,1
DA:118,1
DA:119,1
DA:120,1
DA:121,1
DA:122,1
DA:123,1
DA:124,1
DA:125,1
DA:126,1
DA:127,1
DA:128,1
DA:129,1
DA:130,1
DA:131,1
DA:132,1
DA:133,1
DA:134,1
DA:135,1
DA:136,1
DA:137,1
DA:138,1
DA:139,1
DA:140,1
DA:141,1
DA:142,1
DA:143,1
DA:144,1
DA:145,1
DA:146,1
DA:147,1
DA:148,1
DA:149,1
DA:150,1
DA:151,1
DA:152,2
DA:153,2
DA:154,2
DA:155,2
DA:156,2
DA:157,2
DA:158,2
DA:159,2
DA:160,2
DA:161,1
DA:162,1
DA:163,1
DA:164,1
DA:165,1
DA:166,1
DA:167,1
DA:168,1
DA:169,1
DA:170,1
DA:171,1
DA:172,1
DA:173,1
DA:174,1
DA:175,1
DA:176,1
DA:177,1
DA:178,1
DA:179,1
DA:180,1
DA:181,1
DA:182,1
DA:183,1
DA:184,1
DA:185,1
DA:186,1
DA:187,1
DA:188,1
DA:189,1
DA:190,1
DA:191,1
DA:192,1
DA:193,1
DA:194,1
DA:195,1
DA:196,1
DA:197,1
DA:198,1
DA:199,1
DA:200,1
DA:201,1
DA:202,1
DA:203,1
DA:204,1
DA:205,1
DA:206,1
DA:207,1
DA:208,1
DA:209,1
DA:210,1
DA:211,1
DA:212,1
DA:213,1
DA:214,1
DA:215,1
DA:216,1
DA:217,1
DA:218,1
DA:219,1
DA:220,1
DA:221,2
DA:222,1
DA:223,1
DA:224,1
DA:225,1
DA:226,2
DA:227,1
DA:228,1
DA:229,1
DA:230,1
DA:231,1
DA:232,1
DA:233,1
DA:234,1
DA:235,1
DA:236,1
DA:237,1
DA:238,1
DA:239,1
DA:240,1
DA:241,1
DA:242,1
DA:243,1
DA:244,1
DA:245,1
DA:246,1
DA:247,1
DA:248,1
DA:249,1
DA:250,0
DA:251,0
DA:252,1
DA:253,1
DA:254,1
DA:255,1
DA:256,1
LH:254
LF:256
end_of_record
