TN:
SF:tests/system.test.js
FN:13,realpath
FN:21,stat
FN:31,cpus
FN:32,networkInterfaces
FN:43,secureExec
FN:63,brokerCall
FN:69,dispatchProjectOperation
FN:76,exitCode
FN:79,anonymous_8
FN:95,getProject
FN:96,loadTaskRunState
FN:97,resolveProjectTransport
FN:98,persistTaskRun
FN:105,anonymous_13
FN:106,anonymous_14
FN:113,anonymous_15
FN:128,anonymous_16
FN:133,anonymous_17
FN:138,anonymous_18
FN:145,anonymous_19
FN:150,anonymous_20
FN:155,anonymous_21
FN:161,anonymous_22
FN:165,anonymous_23
FN:169,anonymous_24
FN:174,anonymous_25
FN:179,anonymous_26
FN:186,anonymous_27
FN:198,anonymous_28
FN:210,anonymous_29
FN:223,anonymous_30
FN:235,anonymous_31
FNDA:2,realpath
FNDA:0,stat
FNDA:6,cpus
FNDA:2,networkInterfaces
FNDA:18,secureExec
FNDA:2,brokerCall
FNDA:4,dispatchProjectOperation
FNDA:1,exitCode
FNDA:1,anonymous_8
FNDA:0,getProject
FNDA:0,loadTaskRunState
FNDA:3,resolveProjectTransport
FNDA:6,persistTaskRun
FNDA:1,anonymous_13
FNDA:1,anonymous_14
FNDA:1,anonymous_15
FNDA:1,anonymous_16
FNDA:1,anonymous_17
FNDA:1,anonymous_18
FNDA:1,anonymous_19
FNDA:1,anonymous_20
FNDA:1,anonymous_21
FNDA:1,anonymous_22
FNDA:1,anonymous_23
FNDA:1,anonymous_24
FNDA:1,anonymous_25
FNDA:1,anonymous_26
FNDA:1,anonymous_27
FNDA:1,anonymous_28
FNDA:1,anonymous_29
FNDA:1,anonymous_30
FNDA:1,anonymous_31
FNF:32
FNH:29
BRDA:1,0,0,1
BRDA:13,1,0,2
BRDA:14,2,0,0
BRDA:16,3,0,1
BRDA:18,4,0,0
BRDA:31,5,0,6
BRDA:31,6,0,2
BRDA:31,7,0,4
BRDA:32,8,0,2
BRDA:33,9,0,1
BRDA:43,10,0,18
BRDA:44,11,0,6
BRDA:45,12,0,1
BRDA:45,13,0,5
BRDA:47,14,0,12
BRDA:48,15,0,2
BRDA:48,16,0,10
BRDA:49,17,0,2
BRDA:49,18,0,8
BRDA:50,19,0,2
BRDA:50,20,0,2
BRDA:50,21,0,6
BRDA:51,22,0,1
BRDA:51,23,0,5
BRDA:52,24,0,1
BRDA:52,25,0,4
BRDA:55,26,0,0
BRDA:63,27,0,2
BRDA:69,28,0,4
BRDA:70,29,0,1
BRDA:70,30,0,3
BRDA:71,31,0,1
BRDA:71,32,0,2
BRDA:72,33,0,1
BRDA:86,34,0,0
BRDA:87,35,0,0
BRDA:76,36,0,1
BRDA:79,37,0,1
BRDA:97,38,0,3
BRDA:98,39,0,6
BRDA:105,40,0,1
BRDA:106,41,0,1
BRDA:113,42,0,1
BRDA:128,43,0,1
BRDA:133,44,0,1
BRDA:138,45,0,1
BRDA:145,46,0,1
BRDA:150,47,0,1
BRDA:155,48,0,1
BRDA:161,49,0,1
BRDA:165,50,0,1
BRDA:169,51,0,1
BRDA:174,52,0,1
BRDA:179,53,0,1
BRDA:186,54,0,1
BRDA:198,55,0,1
BRDA:210,56,0,1
BRDA:223,57,0,1
BRDA:235,58,0,1
BRF:59
BRH:54
DA:1,1
DA:2,1
DA:3,1
DA:4,1
DA:5,1
DA:6,1
DA:7,1
DA:8,1
DA:9,1
DA:10,1
DA:11,1
DA:12,1
DA:13,1
DA:14,2
DA:15,2
DA:16,2
DA:17,1
DA:18,1
DA:19,0
DA:20,1
DA:21,1
DA:22,0
DA:23,0
DA:24,0
DA:25,1
DA:26,1
DA:27,1
DA:28,1
DA:29,1
DA:30,1
DA:31,1
DA:32,1
DA:33,2
DA:34,1
DA:35,1
DA:36,1
DA:37,2
DA:38,1
DA:39,1
DA:40,1
DA:41,1
DA:42,1
DA:43,1
DA:44,18
DA:45,6
DA:46,5
DA:47,5
DA:48,18
DA:49,18
DA:50,18
DA:51,18
DA:52,18
DA:53,4
DA:54,4
DA:55,4
DA:56,0
DA:57,18
DA:58,1
DA:59,1
DA:60,1
DA:61,1
DA:62,1
DA:63,1
DA:64,1
DA:65,1
DA:66,1
DA:67,1
DA:68,1
DA:69,1
DA:70,4
DA:71,4
DA:72,4
DA:73,1
DA:74,1
DA:75,1
DA:76,1
DA:77,1
DA:78,1
DA:79,1
DA:80,1
DA:81,1
DA:82,1
DA:83,1
DA:84,1
DA:85,1
DA:86,1
DA:87,0
DA:88,0
DA:89,4
DA:90,1
DA:91,1
DA:92,1
DA:93,1
DA:94,1
DA:95,1
DA:96,1
DA:97,1
DA:98,1
DA:99,1
DA:100,1
DA:101,1
DA:102,1
DA:103,1
DA:104,1
DA:105,1
DA:106,1
DA:107,1
DA:108,1
DA:109,1
DA:110,1
DA:111,1
DA:112,1
DA:113,1
DA:114,1
DA:115,1
DA:116,1
DA:117,1
DA:118,1
DA:119,1
DA:120,1
DA:121,1
DA:122,1
DA:123,1
DA:124,1
DA:125,1
DA:126,1
DA:127,1
DA:128,1
DA:129,1
DA:130,1
DA:131,1
DA:132,1
DA:133,1
DA:134,1
DA:135,1
DA:136,1
DA:137,1
DA:138,1
DA:139,1
DA:140,1
DA:141,1
DA:142,1
DA:143,1
DA:144,1
DA:145,1
DA:146,1
DA:147,1
DA:148,1
DA:149,1
DA:150,1
DA:151,1
DA:152,1
DA:153,1
DA:154,1
DA:155,1
DA:156,1
DA:157,1
DA:158,1
DA:159,1
DA:160,1
DA:161,1
DA:162,1
DA:163,1
DA:164,1
DA:165,1
DA:166,1
DA:167,1
DA:168,1
DA:169,1
DA:170,1
DA:171,1
DA:172,1
DA:173,1
DA:174,1
DA:175,1
DA:176,1
DA:177,1
DA:178,1
DA:179,1
DA:180,1
DA:181,1
DA:182,1
DA:183,1
DA:184,1
DA:185,1
DA:186,1
DA:187,1
DA:188,1
DA:189,1
DA:190,1
DA:191,1
DA:192,1
DA:193,1
DA:194,1
DA:195,1
DA:196,1
DA:197,1
DA:198,1
DA:199,1
DA:200,1
DA:201,1
DA:202,1
DA:203,1
DA:204,1
DA:205,1
DA:206,1
DA:207,1
DA:208,1
DA:209,1
DA:210,1
DA:211,1
DA:212,1
DA:213,1
DA:214,1
DA:215,1
DA:216,1
DA:217,1
DA:218,1
DA:219,1
DA:220,1
DA:221,1
DA:222,1
DA:223,1
DA:224,1
DA:225,1
DA:226,1
DA:227,1
DA:228,1
DA:229,1
DA:230,1
DA:231,1
DA:232,1
DA:233,1
DA:234,1
DA:235,1
DA:236,1
DA:237,1
DA:238,1
LH:231
LF:238
end_of_record
SF:tools/system.js
FN:17,getSystemInfo
FN:66,getProcesses
FN:84,anonymous_2
FN:93,killProcess
FN:111,truncate
FN:119,formatBytes
FN:130,getNetworkInfo
FN:132,anonymous_7
FN:133,anonymous_8
FN:158,configuredProjectTestRoots
FN:166,isWithin
FN:170,resolveProjectRoot
FN:171,anonymous_12
FN:181,anonymous_13
FN:191,resolveTestTarget
FN:207,validateFilter
FN:214,buildProjectTestInvocation
FN:242,parseEnvFile
FN:259,verifyTestingEnvironment
FN:278,constrainedTestEnvironment
FN:291,testRunOwner
FN:299,assertRunOwner
FN:304,parseTestCounts
FN:314,classifyFailure
FN:322,publicRun
FN:339,durableRun
FN:344,truncateResult
FN:349,resolveRegisteredProject
FN:355,validateRemoteTestInput
FN:367,startProjectTestRun
FN:417,run.cancel
FN:420,anonymous_31
FN:473,getProjectTestRun
FN:480,cancelProjectTestRun
FN:488,anonymous_34
FN:493,anonymous_35
FN:504,pruneProjectTestRuns
FN:510,runProjectTests
FNDA:3,getSystemInfo
FNDA:5,getProcesses
FNDA:2,anonymous_2
FNDA:4,killProcess
FNDA:6,truncate
FNDA:18,formatBytes
FNDA:2,getNetworkInfo
FNDA:22,anonymous_7
FNDA:29,anonymous_8
FNDA:0,configuredProjectTestRoots
FNDA:0,isWithin
FNDA:1,resolveProjectRoot
FNDA:1,anonymous_12
FNDA:1,anonymous_13
FNDA:0,resolveTestTarget
FNDA:0,validateFilter
FNDA:1,buildProjectTestInvocation
FNDA:0,parseEnvFile
FNDA:0,verifyTestingEnvironment
FNDA:0,constrainedTestEnvironment
FNDA:4,testRunOwner
FNDA:1,assertRunOwner
FNDA:4,parseTestCounts
FNDA:4,classifyFailure
FNDA:4,publicRun
FNDA:6,durableRun
FNDA:6,truncateResult
FNDA:4,resolveRegisteredProject
FNDA:0,validateRemoteTestInput
FNDA:4,startProjectTestRun
FNDA:1,run.cancel
FNDA:3,anonymous_31
FNDA:0,getProjectTestRun
FNDA:1,cancelProjectTestRun
FNDA:0,anonymous_34
FNDA:1,anonymous_35
FNDA:3,pruneProjectTestRuns
FNDA:0,runProjectTests
FNF:38
FNH:27
BRDA:1,0,0,1
BRDA:17,1,0,3
BRDA:24,2,0,2
BRDA:34,3,0,2
BRDA:34,4,0,1
BRDA:35,5,0,2
BRDA:35,6,0,1
BRDA:42,7,0,2
BRDA:42,8,0,1
BRDA:44,9,0,2
BRDA:44,10,0,1
BRDA:45,11,0,2
BRDA:45,12,0,1
BRDA:48,13,0,2
BRDA:48,14,0,1
BRDA:51,15,0,2
BRDA:52,16,0,1
BRDA:52,17,0,1
BRDA:53,18,0,1
BRDA:53,19,0,1
BRDA:55,20,0,1
BRDA:66,21,0,5
BRDA:68,22,0,4
BRDA:69,23,0,1
BRDA:71,24,0,3
BRDA:74,25,0,1
BRDA:81,26,0,2
BRDA:84,27,0,2
BRDA:93,28,0,4
BRDA:94,29,0,1
BRDA:94,30,0,3
BRDA:97,31,0,1
BRDA:99,32,0,2
BRDA:104,33,0,1
BRDA:104,34,0,1
BRDA:105,35,0,2
BRDA:111,36,0,6
BRDA:112,37,0,2
BRDA:112,38,0,4
BRDA:113,39,0,1
BRDA:115,40,0,3
BRDA:119,41,0,6
BRDA:123,42,0,18
BRDA:123,43,0,18
BRDA:130,44,0,2
BRDA:132,45,0,22
BRDA:133,46,0,29
BRDA:133,47,0,28
BRDA:133,48,0,1
BRDA:170,49,0,1
BRDA:171,50,0,0
BRDA:172,51,0,0
BRDA:174,52,0,0
BRDA:175,53,0,0
BRDA:185,54,0,0
BRDA:171,55,0,1
BRDA:181,56,0,1
BRDA:214,57,0,1
BRDA:223,58,0,0
BRDA:225,59,0,0
BRDA:227,60,0,0
BRDA:227,61,0,0
BRDA:228,62,0,0
BRDA:229,63,0,0
BRDA:291,64,0,4
BRDA:299,65,0,1
BRDA:301,66,0,0
BRDA:304,67,0,4
BRDA:305,68,0,0
BRDA:309,69,0,0
BRDA:310,70,0,0
BRDA:314,71,0,4
BRDA:315,72,0,2
BRDA:316,73,0,1
BRDA:317,74,0,0
BRDA:317,75,0,1
BRDA:318,76,0,0
BRDA:319,77,0,0
BRDA:322,78,0,4
BRDA:330,79,0,0
BRDA:339,80,0,6
BRDA:344,81,0,6
BRDA:345,82,0,2
BRDA:349,83,0,4
BRDA:350,84,0,1
BRDA:350,85,0,3
BRDA:367,86,0,4
BRDA:373,87,0,0
BRDA:374,88,0,3
BRDA:375,89,0,0
BRDA:375,90,0,3
BRDA:376,91,0,0
BRDA:377,92,0,0
BRDA:377,93,0,3
BRDA:381,94,0,0
BRDA:381,95,0,3
BRDA:382,96,0,0
BRDA:396,97,0,3
BRDA:402,98,0,2
BRDA:414,99,0,3
BRDA:417,100,0,1
BRDA:420,101,0,3
BRDA:431,102,0,1
BRDA:431,103,0,2
BRDA:432,104,0,0
BRDA:435,105,0,1
BRDA:436,106,0,0
BRDA:440,107,0,0
BRDA:441,108,0,1
BRDA:441,109,0,1
BRDA:442,110,0,0
BRDA:445,111,0,0
BRDA:455,112,0,2
BRDA:458,113,0,2
BRDA:459,114,0,1
BRDA:459,115,0,2
BRDA:461,116,0,2
BRDA:462,117,0,1
BRDA:462,118,0,2
BRDA:480,119,0,1
BRDA:481,120,0,0
BRDA:483,121,0,0
BRDA:485,122,0,0
BRDA:493,123,0,1
BRDA:504,124,0,1
BRDA:505,125,0,3
BRF:126
BRH:93
DA:1,1
DA:2,1
DA:3,1
DA:4,1
DA:5,1
DA:6,1
DA:7,1
DA:8,1
DA:9,1
DA:10,1
DA:11,1
DA:12,1
DA:13,1
DA:14,1
DA:15,1
DA:16,1
DA:17,1
DA:18,3
DA:19,3
DA:20,3
DA:21,3
DA:22,3
DA:23,3
DA:24,3
DA:25,2
DA:26,2
DA:27,2
DA:28,3
DA:29,3
DA:30,3
DA:31,3
DA:32,3
DA:33,3
DA:34,3
DA:35,3
DA:36,3
DA:37,3
DA:38,3
DA:39,3
DA:40,3
DA:41,3
DA:42,3
DA:43,3
DA:44,3
DA:45,3
DA:46,3
DA:47,3
DA:48,3
DA:49,3
DA:50,3
DA:51,3
DA:52,2
DA:53,2
DA:54,2
DA:55,3
DA:56,1
DA:57,1
DA:58,1
DA:59,1
DA:60,3
DA:61,3
DA:62,3
DA:63,1
DA:64,1
DA:65,1
DA:66,1
DA:67,5
DA:68,5
DA:69,4
DA:70,1
DA:71,4
DA:72,3
DA:73,3
DA:74,5
DA:75,1
DA:76,1
DA:77,5
DA:78,5
DA:79,5
DA:80,5
DA:81,5
DA:82,2
DA:83,2
DA:84,2
DA:85,2
DA:86,2
DA:87,5
DA:88,5
DA:89,5
DA:90,1
DA:91,1
DA:92,1
DA:93,1
DA:94,4
DA:95,3
DA:96,3
DA:97,4
DA:98,1
DA:99,1
DA:100,2
DA:101,2
DA:102,2
DA:103,2
DA:104,4
DA:105,4
DA:106,2
DA:107,4
DA:108,1
DA:109,1
DA:110,1
DA:111,6
DA:112,6
DA:113,6
DA:114,1
DA:115,1
DA:116,3
DA:117,6
DA:118,1
DA:119,6
DA:120,6
DA:121,6
DA:122,6
DA:123,6
DA:124,18
DA:125,18
DA:126,18
DA:127,6
DA:128,6
DA:129,1
DA:130,2
DA:131,2
DA:132,2
DA:133,22
DA:134,22
DA:135,2
DA:136,2
DA:137,1
DA:138,1
DA:139,1
DA:140,1
DA:141,1
DA:142,1
DA:143,1
DA:144,1
DA:145,1
DA:146,1
DA:147,1
DA:148,1
DA:149,1
DA:150,1
DA:151,1
DA:152,1
DA:153,1
DA:154,1
DA:155,1
DA:156,1
DA:157,1
DA:158,0
DA:159,0
DA:160,0
DA:161,0
DA:162,0
DA:163,0
DA:164,0
DA:165,1
DA:166,0
DA:167,0
DA:168,0
DA:169,1
DA:170,1
DA:171,1
DA:172,1
DA:173,1
DA:174,1
DA:175,1
DA:176,0
DA:177,0
DA:178,1
DA:179,1
DA:180,1
DA:181,1
DA:182,1
DA:183,1
DA:184,1
DA:185,1
DA:186,0
DA:187,0
DA:188,0
DA:189,1
DA:190,1
DA:191,0
DA:192,0
DA:193,0
DA:194,0
DA:195,0
DA:196,0
DA:197,0
DA:198,0
DA:199,0
DA:200,0
DA:201,0
DA:202,0
DA:203,0
DA:204,0
DA:205,0
DA:206,1
DA:207,0
DA:208,0
DA:209,0
DA:210,0
DA:211,0
DA:212,0
DA:213,1
DA:214,1
DA:215,1
DA:216,1
DA:217,1
DA:218,1
DA:219,1
DA:220,1
DA:221,1
DA:222,1
DA:223,1
DA:224,1
DA:225,1
DA:226,1
DA:227,1
DA:228,1
DA:229,1
DA:230,0
DA:231,0
DA:232,0
DA:233,0
DA:234,0
DA:235,0
DA:236,0
DA:237,0
DA:238,0
DA:239,0
DA:240,1
DA:241,1
DA:242,0
DA:243,0
DA:244,0
DA:245,0
DA:246,0
DA:247,0
DA:248,0
DA:249,0
DA:250,0
DA:251,0
DA:252,0
DA:253,0
DA:254,0
DA:255,0
DA:256,0
DA:257,0
DA:258,1
DA:259,0
DA:260,0
DA:261,0
DA:262,0
DA:263,0
DA:264,0
DA:265,0
DA:266,0
DA:267,0
DA:268,0
DA:269,0
DA:270,0
DA:271,0
DA:272,0
DA:273,0
DA:274,0
DA:275,0
DA:276,0
DA:277,1
DA:278,0
DA:279,0
DA:280,0
DA:281,0
DA:282,0
DA:283,0
DA:284,0
DA:285,0
DA:286,0
DA:287,0
DA:288,0
DA:289,0
DA:290,1
DA:291,4
DA:292,4
DA:293,4
DA:294,4
DA:295,4
DA:296,4
DA:297,4
DA:298,1
DA:299,1
DA:300,1
DA:301,1
DA:302,1
DA:303,1
DA:304,4
DA:305,4
DA:306,4
DA:307,4
DA:308,4
DA:309,4
DA:310,4
DA:311,4
DA:312,4
DA:313,1
DA:314,4
DA:315,4
DA:316,4
DA:317,4
DA:318,1
DA:319,4
DA:320,4
DA:321,1
DA:322,4
DA:323,4
DA:324,4
DA:325,4
DA:326,4
DA:327,4
DA:328,4
DA:329,4
DA:330,4
DA:331,4
DA:332,4
DA:333,4
DA:334,4
DA:335,4
DA:336,4
DA:337,4
DA:338,1
DA:339,6
DA:340,6
DA:341,6
DA:342,6
DA:343,1
DA:344,6
DA:345,6
DA:346,6
DA:347,6
DA:348,1
DA:349,4
DA:350,4
DA:351,3
DA:352,3
DA:353,4
DA:354,1
DA:355,1
DA:356,0
DA:357,0
DA:358,0
DA:359,0
DA:360,0
DA:361,0
DA:362,0
DA:363,0
DA:364,0
DA:365,0
DA:366,1
DA:367,1
DA:368,4
DA:369,4
DA:370,4
DA:371,4
DA:372,4
DA:373,4
DA:374,4
DA:375,4
DA:376,4
DA:377,4
DA:378,3
DA:379,3
DA:380,3
DA:381,4
DA:382,3
DA:383,0
DA:384,0
DA:385,0
DA:386,0
DA:387,0
DA:388,0
DA:389,0
DA:390,0
DA:391,0
DA:392,0
DA:393,0
DA:394,0
DA:395,0
DA:396,0
DA:397,3
DA:398,3
DA:399,3
DA:400,3
DA:401,3
DA:402,4
DA:403,4
DA:404,4
DA:405,4
DA:406,4
DA:407,4
DA:408,4
DA:409,4
DA:410,4
DA:411,4
DA:412,4
DA:413,4
DA:414,4
DA:415,3
DA:416,3
DA:417,3
DA:418,3
DA:419,3
DA:420,3
DA:421,3
DA:422,3
DA:423,3
DA:424,3
DA:425,3
DA:426,3
DA:427,3
DA:428,3
DA:429,3
DA:430,3
DA:431,3
DA:432,3
DA:433,3
DA:434,3
DA:435,3
DA:436,3
DA:437,0
DA:438,0
DA:439,0
DA:440,3
DA:441,3
DA:442,1
DA:443,1
DA:444,1
DA:445,1
DA:446,0
DA:447,0
DA:448,0
DA:449,0
DA:450,3
DA:451,3
DA:452,3
DA:453,3
DA:454,3
DA:455,3
DA:456,3
DA:457,3
DA:458,3
DA:459,3
DA:460,3
DA:461,3
DA:462,3
DA:463,3
DA:464,3
DA:465,3
DA:466,3
DA:467,3
DA:468,3
DA:469,3
DA:470,3
DA:471,4
DA:472,1
DA:473,1
DA:474,0
DA:475,0
DA:476,0
DA:477,0
DA:478,0
DA:479,1
DA:480,1
DA:481,1
DA:482,1
DA:483,1
DA:484,1
DA:485,1
DA:486,1
DA:487,1
DA:488,1
DA:489,1
DA:490,1
DA:491,1
DA:492,1
DA:493,1
DA:494,1
DA:495,1
DA:496,1
DA:497,1
DA:498,1
DA:499,1
DA:500,1
DA:501,1
DA:502,1
DA:503,1
DA:504,1
DA:505,1
DA:506,3
DA:507,3
DA:508,1
DA:509,1
DA:510,1
DA:511,0
DA:512,0
DA:513,0
DA:514,0
DA:515,0
DA:516,0
DA:517,0
DA:518,0
DA:519,0
DA:520,0
DA:521,0
DA:522,0
DA:523,0
DA:524,0
DA:525,0
DA:526,0
DA:527,0
DA:528,0
DA:529,0
DA:530,0
LH:382
LF:530
end_of_record
